app/build/outputs/logs/manifest-merger-debug-report.txt
-- Merging decision tree log ---
manifest
ADDED from src\main\AndroidManifest.xml:16:1-42:12
	package
		ADDED from src\main\AndroidManifest.xml:17:5-40
		INJECTED from src\main\AndroidManifest.xml
		INJECTED from src\main\AndroidManifest.xml
	android:versionName
		INJECTED from src\main\AndroidManifest.xml
		INJECTED from src\main\AndroidManifest.xml
	xmlns:android
		ADDED from src\main\AndroidManifest.xml:16:11-69
	android:versionCode
		INJECTED from src\main\AndroidManifest.xml
		INJECTED from src\main\AndroidManifest.xml
application
ADDED from src\main\AndroidManifest.xml:19:5-40:19
MERGED from [com.android.support:design:23.0.1] AndroidManifest.xml:22:5-20
MERGED from [com.android.support:support-v4:23.0.1] AndroidManifest.xml:22:5-20
MERGED from [com.android.support:appcompat-v7:23.0.1] AndroidManifest.xml:22:5-20
	android:label
		ADDED from src\main\AndroidManifest.xml:22:9-41
	android:supportsRtl
		ADDED from src\main\AndroidManifest.xml:23:9-35
	android:allowBackup
		ADDED from src\main\AndroidManifest.xml:20:9-35
	android:icon
		ADDED from src\main\AndroidManifest.xml:21:9-43
	android:theme
		ADDED from src\main\AndroidManifest.xml:24:9-40
activity#com.example.android.miwok.MainActivity
ADDED from src\main\AndroidManifest.xml:25:9-31:20
	android:name
		ADDED from src\main\AndroidManifest.xml:25:19-47
intent-filter#android.intent.action.MAIN+android.intent.category.LAUNCHER
ADDED from src\main\AndroidManifest.xml:26:13-30:29
action#android.intent.action.MAIN
ADDED from src\main\AndroidManifest.xml:27:17-69
	android:name
		ADDED from src\main\AndroidManifest.xml:27:25-66
category#android.intent.category.LAUNCHER
ADDED from src\main\AndroidManifest.xml:29:17-77
	android:name
		ADDED from src\main\AndroidManifest.xml:29:27-74
activity#com.example.android.miwok.NumbersActivity
ADDED from src\main\AndroidManifest.xml:32:9-33:44
	android:label
		ADDED from src\main\AndroidManifest.xml:33:19-42
	android:name
		ADDED from src\main\AndroidManifest.xml:32:19-50
activity#com.example.android.miwok.FamilyActivity
ADDED from src\main\AndroidManifest.xml:34:9-35:61
	android:label
		ADDED from src\main\AndroidManifest.xml:35:19-58
	android:name
		ADDED from src\main\AndroidManifest.xml:34:19-49
activity#com.example.android.miwok.ColorsActivity
ADDED from src\main\AndroidManifest.xml:36:9-37:61
	android:label
		ADDED from src\main\AndroidManifest.xml:37:19-58
	android:name
		ADDED from src\main\AndroidManifest.xml:36:19-49
activity#com.example.android.miwok.PhrasesActivity
ADDED from src\main\AndroidManifest.xml:38:9-39:62
	android:label
		ADDED from src\main\AndroidManifest.xml:39:19-59
	android:name
		ADDED from src\main\AndroidManifest.xml:38:19-50
uses-sdk
INJECTED from src\main\AndroidManifest.xml reason: use-sdk injection requested
MERGED from [com.android.support:design:23.0.1] AndroidManifest.xml:20:5-43
MERGED from [com.android.support:support-v4:23.0.1] AndroidManifest.xml:20:5-43
MERGED from [com.android.support:appcompat-v7:23.0.1] AndroidManifest.xml:20:5-43
	android:targetSdkVersion
		INJECTED from src\main\AndroidManifest.xml
		INJECTED from src\main\AndroidManifest.xml
	android:minSdkVersion
		INJECTED from src\main\AndroidManifest.xml
		INJECTED from src\main\AndroidManifest.xml